Feb 11, 2025 19:55:52.931 [0x7f23ad5acb38] INFO - Plex Tuner Service v1.41.3.9314-a0bfb8370 - Docker Docker Container (LinuxServer.io) x86_64 - build: 
Feb 11, 2025 19:55:52.931 [0x7f23ad5acb38] INFO - Linux version: 5.15.0-33-generic (#34-Ubuntu SMP Wed May 18 13:34:26 UTC 2022), language: en-US
Feb 11, 2025 19:55:52.931 [0x7f23ad5acb38] INFO - Processor Intel(R) Xeon(R) Gold 6148 CPU @ 2.40GHz
Feb 11, 2025 19:55:52.931 [0x7f23ad5acb38] INFO - /usr/lib/plexmediaserver/Plex Tuner Service /usr/lib/plexmediaserver/Resources/Tuner/Private /usr/lib/plexmediaserver/Resources/Tuner/Shared 1.41.3.9314-a0bfb8370 32600
Feb 11, 2025 19:55:52.927 [0x7f23af11e808] INFO - [I] broker_t::start...
Feb 11, 2025 19:55:52.929 [0x7f23af11e808] INFO - [I] device_manager_t::init.
Feb 11, 2025 19:55:52.929 [0x7f23af11e808] INFO - [I] device_manager_t::init. Initialize provider manager
Feb 11, 2025 19:55:52.929 [0x7f23af11e808] INFO - [I] device_manager_t::init. Initialize all device auxes
Feb 11, 2025 19:55:52.929 [0x7f23af11e808] INFO - [I] dvb_device_factory_t::get_aux_list
Feb 11, 2025 19:55:52.929 [0x7f23af11e808] INFO - [I] tvbutler_aux_t::init
Feb 11, 2025 19:55:52.933 [0x7f23af11e808] INFO - [I] web_server_t::start. Starting web server on port 32600
Feb 11, 2025 19:56:01.378 [0x7f23acf12b38] INFO - [I] web_service_t::process_device_discovery
Feb 11, 2025 19:56:01.378 [0x7f23acf12b38] INFO - [I] device_reactor_t::get_device_list ()
Feb 11, 2025 19:56:03.383 [0x7f23acf12b38] INFO - [I] SAT2IP - discover_satip_servers(): no servers found
Feb 11, 2025 19:56:03.804 [0x7f23acf12b38] INFO - [I] v4l::DeviceGetList_impl. getting v4l device list
Feb 11, 2025 19:56:03.810 [0x7f23acf12b38] INFO - [I] onetv_factory::DeviceGetListEx >>
Feb 11, 2025 19:56:03.811 [0x7f23acf12b38] WARN - [W] onetv_factory::DeviceGetListEx. libusb_init returned an error -99
Feb 14, 2025 10:11:16.173 [0x7f23af11e808] INFO - Received SIGINT: Interrupt from keyboard.
Feb 14, 2025 10:11:16.198 [0x7f23af11e808] INFO - [I] device_manager_t::term
Feb 14, 2025 10:11:16.198 [0x7f23af11e808] INFO - [I] device_manager_t::term. Stop all devices
Feb 14, 2025 10:11:16.198 [0x7f23af11e808] INFO - [I] device_manager_t::term. Shut down all device auxes
Feb 14, 2025 10:11:16.198 [0x7f23af11e808] INFO - [I] tvbutler_aux_t::term
Feb 14, 2025 10:11:16.199 [0x7f23af11e808] INFO - [I] web_server_t::stop. Web server is stopped
Feb 14, 2025 10:11:16.199 [0x7f23af11e808] INFO - [I] device_manager_t::term
Feb 14, 2025 10:11:16.199 [0x7f23af11e808] INFO - [I] device_manager_t::term. Stop all devices
Feb 14, 2025 10:11:16.199 [0x7f23af11e808] INFO - [I] device_manager_t::term. Shut down all device auxes
Feb 14, 2025 10:11:16.199 [0x7f23af11e808] INFO - [I] broker_t::shutdown. Shutdown is completed.
