Feb 11, 2025 19:36:05.313 [0x7fa93c54ab38] INFO - Plex Tuner Service v1.41.3.9314-a0bfb8370 - Docker Docker Container (LinuxServer.io) x86_64 - build: 
Feb 11, 2025 19:36:05.313 [0x7fa93c54ab38] INFO - Linux version: 5.15.0-33-generic (#34-Ubuntu SMP Wed May 18 13:34:26 UTC 2022), language: en-US
Feb 11, 2025 19:36:05.313 [0x7fa93c54ab38] INFO - Processor Intel(R) Xeon(R) Gold 6148 CPU @ 2.40GHz
Feb 11, 2025 19:36:05.313 [0x7fa93c54ab38] INFO - /usr/lib/plexmediaserver/Plex Tuner Service /usr/lib/plexmediaserver/Resources/Tuner/Private /usr/lib/plexmediaserver/Resources/Tuner/Shared 1.41.3.9314-a0bfb8370 32600
Feb 11, 2025 19:36:05.307 [0x7fa93e0bc808] INFO - [I] broker_t::start...
Feb 11, 2025 19:36:05.309 [0x7fa93e0bc808] INFO - [I] device_manager_t::init.
Feb 11, 2025 19:36:05.309 [0x7fa93e0bc808] INFO - [I] device_manager_t::init. Initialize provider manager
Feb 11, 2025 19:36:05.309 [0x7fa93e0bc808] INFO - [I] device_manager_t::init. Initialize all device auxes
Feb 11, 2025 19:36:05.309 [0x7fa93e0bc808] INFO - [I] dvb_device_factory_t::get_aux_list
Feb 11, 2025 19:36:05.310 [0x7fa93e0bc808] INFO - [I] tvbutler_aux_t::init
Feb 11, 2025 19:36:05.312 [0x7fa93e0bc808] INFO - [I] web_server_t::start. Starting web server on port 32600
Feb 11, 2025 19:36:13.762 [0x7fa93bdadb38] INFO - [I] web_service_t::process_device_discovery
Feb 11, 2025 19:36:13.762 [0x7fa93bdadb38] INFO - [I] device_reactor_t::get_device_list ()
Feb 11, 2025 19:36:15.767 [0x7fa93bdadb38] INFO - [I] SAT2IP - discover_satip_servers(): no servers found
Feb 11, 2025 19:36:16.188 [0x7fa93bdadb38] INFO - [I] v4l::DeviceGetList_impl. getting v4l device list
Feb 11, 2025 19:36:16.194 [0x7fa93bdadb38] INFO - [I] onetv_factory::DeviceGetListEx >>
Feb 11, 2025 19:36:16.194 [0x7fa93bdadb38] WARN - [W] onetv_factory::DeviceGetListEx. libusb_init returned an error -99
Feb 11, 2025 19:40:40.970 [0x7fa93e0bc808] INFO - Received SIGINT: Interrupt from keyboard.
Feb 11, 2025 19:40:40.998 [0x7fa93e0bc808] INFO - [I] device_manager_t::term
Feb 11, 2025 19:40:40.998 [0x7fa93e0bc808] INFO - [I] device_manager_t::term. Stop all devices
Feb 11, 2025 19:40:40.998 [0x7fa93e0bc808] INFO - [I] device_manager_t::term. Shut down all device auxes
Feb 11, 2025 19:40:40.998 [0x7fa93e0bc808] INFO - [I] tvbutler_aux_t::term
Feb 11, 2025 19:40:40.999 [0x7fa93e0bc808] INFO - [I] web_server_t::stop. Web server is stopped
Feb 11, 2025 19:40:40.999 [0x7fa93e0bc808] INFO - [I] device_manager_t::term
Feb 11, 2025 19:40:40.999 [0x7fa93e0bc808] INFO - [I] device_manager_t::term. Stop all devices
Feb 11, 2025 19:40:40.999 [0x7fa93e0bc808] INFO - [I] device_manager_t::term. Shut down all device auxes
Feb 11, 2025 19:40:41.000 [0x7fa93e0bc808] INFO - [I] broker_t::shutdown. Shutdown is completed.
