Feb 11, 2025 19:41:33.843 [0x7f6614ba2b38] INFO - Plex Tuner Service v1.41.3.9314-a0bfb8370 - Docker Docker Container (LinuxServer.io) x86_64 - build: 
Feb 11, 2025 19:41:33.844 [0x7f6614ba2b38] INFO - Linux version: 5.15.0-33-generic (#34-Ubuntu SMP Wed May 18 13:34:26 UTC 2022), language: en-US
Feb 11, 2025 19:41:33.844 [0x7f6614ba2b38] INFO - Processor Intel(R) Xeon(R) Gold 6148 CPU @ 2.40GHz
Feb 11, 2025 19:41:33.844 [0x7f6614ba2b38] INFO - /usr/lib/plexmediaserver/Plex Tuner Service /usr/lib/plexmediaserver/Resources/Tuner/Private /usr/lib/plexmediaserver/Resources/Tuner/Shared 1.41.3.9314-a0bfb8370 32600
Feb 11, 2025 19:41:33.838 [0x7f6616714808] INFO - [I] broker_t::start...
Feb 11, 2025 19:41:33.840 [0x7f6616714808] INFO - [I] device_manager_t::init.
Feb 11, 2025 19:41:33.840 [0x7f6616714808] INFO - [I] device_manager_t::init. Initialize provider manager
Feb 11, 2025 19:41:33.840 [0x7f6616714808] INFO - [I] device_manager_t::init. Initialize all device auxes
Feb 11, 2025 19:41:33.840 [0x7f6616714808] INFO - [I] dvb_device_factory_t::get_aux_list
Feb 11, 2025 19:41:33.840 [0x7f6616714808] INFO - [I] tvbutler_aux_t::init
Feb 11, 2025 19:41:33.843 [0x7f6616714808] INFO - [I] web_server_t::start. Starting web server on port 32600
Feb 11, 2025 19:41:42.309 [0x7f6614508b38] INFO - [I] web_service_t::process_device_discovery
Feb 11, 2025 19:41:42.309 [0x7f6614508b38] INFO - [I] device_reactor_t::get_device_list ()
Feb 11, 2025 19:41:44.315 [0x7f6614508b38] INFO - [I] SAT2IP - discover_satip_servers(): no servers found
Feb 11, 2025 19:41:44.735 [0x7f6614508b38] INFO - [I] v4l::DeviceGetList_impl. getting v4l device list
Feb 11, 2025 19:41:44.741 [0x7f6614508b38] INFO - [I] onetv_factory::DeviceGetListEx >>
Feb 11, 2025 19:41:44.741 [0x7f6614508b38] WARN - [W] onetv_factory::DeviceGetListEx. libusb_init returned an error -99
Feb 11, 2025 19:44:00.532 [0x7f6616714808] INFO - Received SIGINT: Interrupt from keyboard.
Feb 11, 2025 19:44:00.536 [0x7f6616714808] INFO - [I] device_manager_t::term
Feb 11, 2025 19:44:00.537 [0x7f6616714808] INFO - [I] device_manager_t::term. Stop all devices
Feb 11, 2025 19:44:00.537 [0x7f6616714808] INFO - [I] device_manager_t::term. Shut down all device auxes
Feb 11, 2025 19:44:00.537 [0x7f6616714808] INFO - [I] tvbutler_aux_t::term
Feb 11, 2025 19:44:00.537 [0x7f6616714808] INFO - [I] web_server_t::stop. Web server is stopped
Feb 11, 2025 19:44:00.537 [0x7f6616714808] INFO - [I] device_manager_t::term
Feb 11, 2025 19:44:00.537 [0x7f6616714808] INFO - [I] device_manager_t::term. Stop all devices
Feb 11, 2025 19:44:00.537 [0x7f6616714808] INFO - [I] device_manager_t::term. Shut down all device auxes
Feb 11, 2025 19:44:00.537 [0x7f6616714808] INFO - [I] broker_t::shutdown. Shutdown is completed.
